16-Sep-2018 20:21:10.447 INFO [main] org.apache.catalina.startup.VersionLoggerListener.log Server version:        Apache Tomcat/9.0.10
16-Sep-2018 20:21:10.447 INFO [main] org.apache.catalina.startup.VersionLoggerListener.log Server built:          Jun 20 2018 17:32:21 UTC
16-Sep-2018 20:21:10.447 INFO [main] org.apache.catalina.startup.VersionLoggerListener.log Server number:         9.0.10.0
16-Sep-2018 20:21:10.447 INFO [main] org.apache.catalina.startup.VersionLoggerListener.log OS Name:               Windows 8.1
16-Sep-2018 20:21:10.447 INFO [main] org.apache.catalina.startup.VersionLoggerListener.log OS Version:            6.3
16-Sep-2018 20:21:10.447 INFO [main] org.apache.catalina.startup.VersionLoggerListener.log Architecture:          amd64
16-Sep-2018 20:21:10.463 INFO [main] org.apache.catalina.startup.VersionLoggerListener.log Java Home:             C:\Program Files\Java\jre1.8.0_181
16-Sep-2018 20:21:10.463 INFO [main] org.apache.catalina.startup.VersionLoggerListener.log JVM Version:           1.8.0_181-b13
16-Sep-2018 20:21:10.463 INFO [main] org.apache.catalina.startup.VersionLoggerListener.log JVM Vendor:            Oracle Corporation
16-Sep-2018 20:21:10.463 INFO [main] org.apache.catalina.startup.VersionLoggerListener.log CATALINA_BASE:         C:\Tomcat
16-Sep-2018 20:21:10.463 INFO [main] org.apache.catalina.startup.VersionLoggerListener.log CATALINA_HOME:         C:\Tomcat
16-Sep-2018 20:21:10.463 INFO [main] org.apache.catalina.startup.VersionLoggerListener.log Command line argument: -Djava.util.logging.config.file=C:\Tomcat\conf\logging.properties
16-Sep-2018 20:21:10.463 INFO [main] org.apache.catalina.startup.VersionLoggerListener.log Command line argument: -Djava.util.logging.manager=org.apache.juli.ClassLoaderLogManager
16-Sep-2018 20:21:10.463 INFO [main] org.apache.catalina.startup.VersionLoggerListener.log Command line argument: -Djdk.tls.ephemeralDHKeySize=2048
16-Sep-2018 20:21:10.463 INFO [main] org.apache.catalina.startup.VersionLoggerListener.log Command line argument: -Djava.protocol.handler.pkgs=org.apache.catalina.webresources
16-Sep-2018 20:21:10.463 INFO [main] org.apache.catalina.startup.VersionLoggerListener.log Command line argument: -Dignore.endorsed.dirs=
16-Sep-2018 20:21:10.463 INFO [main] org.apache.catalina.startup.VersionLoggerListener.log Command line argument: -Dcatalina.base=C:\Tomcat
16-Sep-2018 20:21:10.463 INFO [main] org.apache.catalina.startup.VersionLoggerListener.log Command line argument: -Dcatalina.home=C:\Tomcat
16-Sep-2018 20:21:10.463 INFO [main] org.apache.catalina.startup.VersionLoggerListener.log Command line argument: -Djava.io.tmpdir=C:\Tomcat\temp
16-Sep-2018 20:21:10.463 INFO [main] org.apache.catalina.core.AprLifecycleListener.lifecycleEvent Loaded APR based Apache Tomcat Native library [1.2.17] using APR version [1.6.3].
16-Sep-2018 20:21:10.463 INFO [main] org.apache.catalina.core.AprLifecycleListener.lifecycleEvent APR capabilities: IPv6 [true], sendfile [true], accept filters [false], random [true].
16-Sep-2018 20:21:10.463 INFO [main] org.apache.catalina.core.AprLifecycleListener.lifecycleEvent APR/OpenSSL configuration: useAprConnector [false], useOpenSSL [true]
16-Sep-2018 20:21:11.530 INFO [main] org.apache.catalina.core.AprLifecycleListener.initializeSSL OpenSSL successfully initialized [OpenSSL 1.0.2o  27 Mar 2018]
16-Sep-2018 20:21:11.827 INFO [main] org.apache.coyote.AbstractProtocol.init Initializing ProtocolHandler ["http-nio-8080"]
16-Sep-2018 20:21:12.036 INFO [main] org.apache.tomcat.util.net.NioSelectorPool.getSharedSelector Using a shared selector for servlet write/read
16-Sep-2018 20:21:12.051 INFO [main] org.apache.coyote.AbstractProtocol.init Initializing ProtocolHandler ["ajp-nio-8009"]
16-Sep-2018 20:21:12.051 INFO [main] org.apache.tomcat.util.net.NioSelectorPool.getSharedSelector Using a shared selector for servlet write/read
16-Sep-2018 20:21:12.051 INFO [main] org.apache.catalina.startup.Catalina.load Initialization processed in 2423 ms
16-Sep-2018 20:21:12.130 INFO [main] org.apache.catalina.core.StandardService.startInternal Starting service [Catalina]
16-Sep-2018 20:21:12.130 INFO [main] org.apache.catalina.core.StandardEngine.startInternal Starting Servlet Engine: Apache Tomcat/9.0.10
16-Sep-2018 20:21:12.161 INFO [main] org.apache.catalina.startup.HostConfig.deployWAR Deploying web application archive [C:\Tomcat\webapps\sample-deployment.war]
16-Sep-2018 20:21:12.723 INFO [main] org.apache.catalina.startup.HostConfig.deployWAR Deployment of web application archive [C:\Tomcat\webapps\sample-deployment.war] has finished in [562] ms
16-Sep-2018 20:21:12.723 INFO [main] org.apache.catalina.startup.HostConfig.deployDirectory Deploying web application directory [C:\Tomcat\webapps\docs]
16-Sep-2018 20:21:12.770 INFO [main] org.apache.catalina.startup.HostConfig.deployDirectory Deployment of web application directory [C:\Tomcat\webapps\docs] has finished in [47] ms
16-Sep-2018 20:21:12.770 INFO [main] org.apache.catalina.startup.HostConfig.deployDirectory Deploying web application directory [C:\Tomcat\webapps\examples]
16-Sep-2018 20:21:13.473 INFO [main] org.apache.catalina.startup.HostConfig.deployDirectory Deployment of web application directory [C:\Tomcat\webapps\examples] has finished in [703] ms
16-Sep-2018 20:21:13.473 INFO [main] org.apache.catalina.startup.HostConfig.deployDirectory Deploying web application directory [C:\Tomcat\webapps\host-manager]
16-Sep-2018 20:21:13.536 INFO [main] org.apache.catalina.startup.HostConfig.deployDirectory Deployment of web application directory [C:\Tomcat\webapps\host-manager] has finished in [63] ms
16-Sep-2018 20:21:13.536 INFO [main] org.apache.catalina.startup.HostConfig.deployDirectory Deploying web application directory [C:\Tomcat\webapps\manager]
16-Sep-2018 20:21:13.583 INFO [main] org.apache.catalina.startup.HostConfig.deployDirectory Deployment of web application directory [C:\Tomcat\webapps\manager] has finished in [47] ms
16-Sep-2018 20:21:13.583 INFO [main] org.apache.catalina.startup.HostConfig.deployDirectory Deploying web application directory [C:\Tomcat\webapps\ROOT]
16-Sep-2018 20:21:13.630 INFO [main] org.apache.catalina.startup.HostConfig.deployDirectory Deployment of web application directory [C:\Tomcat\webapps\ROOT] has finished in [47] ms
16-Sep-2018 20:21:13.645 INFO [main] org.apache.coyote.AbstractProtocol.start Starting ProtocolHandler ["http-nio-8080"]
16-Sep-2018 20:21:13.661 INFO [main] org.apache.coyote.AbstractProtocol.start Starting ProtocolHandler ["ajp-nio-8009"]
16-Sep-2018 20:21:13.676 INFO [main] org.apache.catalina.startup.Catalina.start Server startup in 1619 ms
16-Sep-2018 21:57:30.951 WARNING [main] org.apache.catalina.core.StandardServer.await StandardServer.await: Invalid command '' received
16-Sep-2018 21:58:04.384 WARNING [main] org.apache.catalina.core.StandardServer.await StandardServer.await: Invalid command '' received
16-Sep-2018 21:58:14.939 WARNING [main] org.apache.catalina.core.StandardServer.await StandardServer.await: Invalid command '' received
16-Sep-2018 21:58:43.091 WARNING [main] org.apache.catalina.core.StandardServer.await StandardServer.await: Invalid command '' received
